RUN	com.gatling.test.DemoGatling	demogatling	1653644762561	RampUp Mode	3.6.1
USER	Super	START	1653644764430
USER	Users	START	1653644764426
USER	Super	START	1653644765406
USER	Users	START	1653644765406
REQUEST		request_0	1653644764489	1653644765525	OK	 
REQUEST		request_0	1653644764489	1653644765502	OK	 
USER	Super	START	1653644766394
USER	Users	START	1653644766411
REQUEST		request_0	1653644765408	1653644766551	OK	 
REQUEST		request_0	1653644765408	1653644766580	OK	 
REQUEST		request_0	1653644766395	1653644767399	OK	 
USER	Super	START	1653644767412
USER	Users	START	1653644767417
REQUEST		request_0	1653644766412	1653644767429	OK	 
REQUEST		request_1	1653644767824	1653644768053	OK	 
REQUEST		request_1	1653644767835	1653644768078	OK	 
USER	Users	START	1653644768391
USER	Super	START	1653644768395
REQUEST		request_0	1653644767422	1653644768419	OK	 
REQUEST		request_0	1653644767413	1653644768426	OK	 
REQUEST		request_1	1653644768577	1653644768813	OK	 
REQUEST		request_1	1653644768610	1653644768848	OK	 
REQUEST		request_0	1653644768392	1653644769332	OK	 
REQUEST		request_0	1653644768395	1653644769363	OK	 
USER	Super	START	1653644769401
USER	Users	START	1653644769401
REQUEST		request_1	1653644769447	1653644769679	OK	 
REQUEST		request_1	1653644769442	1653644769686	OK	 
USER	Users	END	1653644770083
USER	Super	START	1653644770404
USER	Users	START	1653644770408
REQUEST		request_2	1653644770115	1653644770369	OK	 
REQUEST		request_0	1653644769413	1653644770497	OK	 
REQUEST		request_1	1653644770438	1653644770675	OK	 
REQUEST		request_2 Redirect 1	1653644770434	1653644770682	OK	 
REQUEST		request_1	1653644770436	1653644770703	OK	 
REQUEST		request_0	1653644769406	1653644770788	OK	 
USER	Users	END	1653644770873
REQUEST		request_2	1653644770838	1653644771072	OK	 
REQUEST		request_2 Redirect 1	1653644771074	1653644771310	OK	 
USER	Users	START	1653644771400
USER	Super	START	1653644771409
REQUEST		request_0	1653644770406	1653644771425	OK	 
REQUEST		request_0	1653644770412	1653644771449	OK	 
REQUEST		request_1	1653644771349	1653644771577	OK	 
REQUEST		request_1	1653644771381	1653644771613	OK	 
USER	Users	END	1653644771694
REQUEST		request_2	1653644771694	1653644771919	OK	 
REQUEST		request_2 Redirect 1	1653644771922	1653644772145	OK	 
USER	Super	START	1653644772393
USER	Users	START	1653644772393
REQUEST		request_0	1653644771410	1653644772423	OK	 
REQUEST		request_0	1653644771401	1653644772457	OK	 
USER	Users	END	1653644772691
REQUEST		request_1	1653644772502	1653644772730	OK	 
REQUEST		request_2	1653644772722	1653644772957	OK	 
REQUEST		request_1	1653644772797	1653644773023	OK	 
REQUEST		request_2 Redirect 1	1653644772960	1653644773208	OK	 
USER	Super	START	1653644773399
USER	Users	START	1653644773399
REQUEST		request_0	1653644772408	1653644773442	OK	 
REQUEST		request_0	1653644772396	1653644773473	OK	 
USER	Users	END	1653644773603
REQUEST		request_1	1653644773430	1653644773660	OK	 
REQUEST		request_1	1653644773460	1653644773692	OK	 
REQUEST		request_2	1653644773634	1653644773869	OK	 
REQUEST		request_2 Redirect 1	1653644773873	1653644774103	OK	 
REQUEST		request_0	1653644773401	1653644774414	OK	 
REQUEST		request_0	1653644773401	1653644774458	OK	 
REQUEST		request_1	1653644774441	1653644774679	OK	 
REQUEST		request_1	1653644774469	1653644774723	OK	 
USER	Users	END	1653644774738
REQUEST		request_3	1653644774691	1653644774934	OK	 
USER	Super	END	1653644774952
REQUEST		request_2	1653644775035	1653644775264	OK	 
REQUEST		request_2 Redirect 1	1653644775267	1653644775509	OK	 
REQUEST		request_3	1653644775332	1653644775562	OK	 
USER	Super	END	1653644775565
REQUEST		request_1	1653644775456	1653644775691	OK	 
USER	Users	END	1653644775707
REQUEST		request_1	1653644775505	1653644775756	OK	 
REQUEST		request_2	1653644775675	1653644775898	OK	 
REQUEST		request_2 Redirect 1	1653644775899	1653644776125	OK	 
REQUEST		request_3	1653644776158	1653644776381	OK	 
USER	Super	END	1653644776392
REQUEST		request_1	1653644776440	1653644776683	OK	 
REQUEST		request_1	1653644776468	1653644776711	OK	 
USER	Users	END	1653644776734
REQUEST		request_2	1653644776719	1653644776954	OK	 
REQUEST		request_2 Redirect 1	1653644776957	1653644777191	OK	 
REQUEST		request_3	1653644777232	1653644777468	OK	 
USER	Super	END	1653644777478
USER	Users	END	1653644777703
REQUEST		request_2	1653644777766	1653644778009	OK	 
REQUEST		request_2 Redirect 1	1653644778014	1653644778268	OK	 
REQUEST		request_3	1653644778119	1653644778347	OK	 
USER	Super	END	1653644778349
USER	Users	END	1653644778728
REQUEST		request_2	1653644778696	1653644778921	OK	 
REQUEST		request_2 Redirect 1	1653644778925	1653644779151	OK	 
REQUEST		request_3	1653644779520	1653644779747	OK	 
USER	Super	END	1653644779752
REQUEST		request_3	1653644780139	1653644780364	OK	 
USER	Super	END	1653644780372
REQUEST		request_3	1653644781212	1653644781444	OK	 
USER	Super	END	1653644781450
REQUEST		request_3	1653644782284	1653644782523	OK	 
USER	Super	END	1653644782529
REQUEST		request_3	1653644783170	1653644783394	OK	 
USER	Super	END	1653644783400
